<?xml version="1.0" encoding="UTF-8"?>
<testng-results skipped="0" failed="0" total="1" passed="1">
  <reporter-output>
  </reporter-output>
  <suite name="Default suite" duration-ms="109" started-at="2017-12-12T01:23:03Z" finished-at="2017-12-12T01:23:03Z">
    <groups>
    </groups>
    <test name="Default test" duration-ms="109" started-at="2017-12-12T01:23:03Z" finished-at="2017-12-12T01:23:03Z">
      <class name="maven.training.MavenTest">
        <test-method status="PASS" signature="MavenTestMethod()[pri:0, instance:maven.training.MavenTest@193948d]" name="MavenTestMethod" duration-ms="31" started-at="2017-12-12T06:53:03Z" finished-at="2017-12-12T06:53:03Z">
          <reporter-output>
          </reporter-output>
        </test-method> <!-- MavenTestMethod -->
      </class> <!-- maven.training.MavenTest -->
    </test> <!-- Default test -->
  </suite> <!-- Default suite -->
</testng-results>
